[debug] [2023-08-17T16:40:10.315Z] ----------------------------------------------------------------------
[debug] [2023-08-17T16:40:10.319Z] Command:       C:\Program Files\nodejs\node.exe C:\Users\vsath\AppData\Roaming\npm\node_modules\firebase-tools\lib\bin\firebase.js init
[debug] [2023-08-17T16:40:10.320Z] CLI Version:   12.4.8
[debug] [2023-08-17T16:40:10.321Z] Platform:      win32
[debug] [2023-08-17T16:40:10.321Z] Node Version:  v18.16.0
[debug] [2023-08-17T16:40:10.323Z] Time:          Thu Aug 17 2023 22:10:10 GMT+0530 (India Standard Time)
[debug] [2023-08-17T16:40:10.323Z] ----------------------------------------------------------------------
[debug] 
[debug] [2023-08-17T16:40:10.561Z] > command requires scopes: ["email","openid","https://www.googleapis.com/auth/cloudplatformprojects.readonly","https://www.googleapis.com/auth/firebase","https://www.googleapis.com/auth/cloud-platform"]
[debug] [2023-08-17T16:40:10.563Z] > authorizing via signed-in user (satis5263@gmail.com)
[info] 
     ######## #### ########  ######## ########     ###     ######  ########
     ##        ##  ##     ## ##       ##     ##  ##   ##  ##       ##
     ######    ##  ########  ######   ########  #########  ######  ######
     ##        ##  ##    ##  ##       ##     ## ##     ##       ## ##
     ##       #### ##     ## ######## ########  ##     ##  ######  ########

You're about to initialize a Firebase project in this directory:

  C:\Users\vsath\OneDrive\Documents\react\blog-react

Before we get started, keep in mind:

  * You are initializing within an existing Firebase project directory

[info] 
=== Project Setup
[info] 
[info] First, let's associate this project directory with a Firebase project.
[info] You can create multiple project aliases by running firebase use --add, 
[info] but for now we'll just set up a default project.
[info] 
[debug] [2023-08-17T16:40:16.557Z] Using project from CLI flag: blog-website-2d2ea
[debug] [2023-08-17T16:40:16.566Z] >>> [apiv2][query] GET https://firebase.googleapis.com/v1beta1/projects/blog-website-2d2ea [none]
[debug] [2023-08-17T16:40:17.940Z] <<< [apiv2][status] GET https://firebase.googleapis.com/v1beta1/projects/blog-website-2d2ea 200
[debug] [2023-08-17T16:40:17.940Z] <<< [apiv2][body] GET https://firebase.googleapis.com/v1beta1/projects/blog-website-2d2ea {"projectId":"blog-website-2d2ea","projectNumber":"977092066547","displayName":"Blog-Website","name":"projects/blog-website-2d2ea","resources":{"hostingSite":"blog-website-2d2ea"},"state":"ACTIVE","etag":"1_142fa364-2ce8-48e5-8692-e7472f50eb93"}
[info] i  Using project blog-website-2d2ea (Blog-Website) 
[info] 
=== Hosting Setup
[info] 
[info] Your public directory is the folder (relative to your project directory) that
[info] will contain Hosting assets to be uploaded with firebase deploy. If you
[info] have a build process for your assets, use your build's output directory.
[info] 
[info] i  Skipping write of build/404.html 
[debug] [2023-08-17T16:40:33.424Z] >>> [apiv2][query] GET https://www.gstatic.com/firebasejs/releases.json [none]
[debug] [2023-08-17T16:40:36.340Z] <<< [apiv2][status] GET https://www.gstatic.com/firebasejs/releases.json 200
[debug] [2023-08-17T16:40:36.341Z] <<< [apiv2][body] GET https://www.gstatic.com/firebasejs/releases.json {"current":{"version":"10.1.0","browserURL":"https://www.gstatic.com/firebasejs/10.1.0/firebase.js","packageURL":"https://www.gstatic.com/firebasejs/10.1.0/firebase.tgz"},"live":{"version":"10.1","browserURL":"https://www.gstatic.com/firebasejs/live/10.1/firebase.js","packageURL":"https://www.gstatic.com/firebasejs/live/10.1/firebase.tgz"},"components":{"analytics":"https://www.gstatic.com/firebasejs/10.1.0/firebase-analytics.js","app":"https://www.gstatic.com/firebasejs/10.1.0/firebase-app.js","app-check":"https://www.gstatic.com/firebasejs/10.1.0/firebase-app-check.js","auth":"https://www.gstatic.com/firebasejs/10.1.0/firebase-auth.js","auth/cordova":"https://www.gstatic.com/firebasejs/10.1.0/firebase-auth/cordova.js","functions":"https://www.gstatic.com/firebasejs/10.1.0/firebase-functions.js","firestore":"https://www.gstatic.com/firebasejs/10.1.0/firebase-firestore.js","firestore/lite":"https://www.gstatic.com/firebasejs/10.1.0/firebase-firestore/lite.js","installations":"https://www.gstatic.com/firebasejs/10.1.0/firebase-installations.js","storage":"https://www.gstatic.com/firebasejs/10.1.0/firebase-storage.js","performance":"https://www.gstatic.com/firebasejs/10.1.0/firebase-performance.js","remote-config":"https://www.gstatic.com/firebasejs/10.1.0/firebase-remote-config.js","messaging":"https://www.gstatic.com/firebasejs/10.1.0/firebase-messaging.js","messaging/sw":"https://www.gstatic.com/firebasejs/10.1.0/firebase-messaging/sw.js","database":"https://www.gstatic.com/firebasejs/10.1.0/firebase-database.js","firestore.memory":"https://www.gstatic.com/firebasejs/10.1.0/firebase-firestore.memory.js"}}
[info] i  Skipping write of build/index.html 
[info] 
[info] i  Detected a .git folder at C:\Users\vsath\OneDrive\Documents\react\blog-react 
[info] i  Authorizing with GitHub to upload your service account to a GitHub repository's secrets store. 
[info] 
[info] Visit this URL on this device to log in:
[info] https://github.com/login/oauth/authorize?client_id=89cf50f02ac6aaed3484&state=902404400&redirect_uri=http%3A%2F%2Flocalhost%3A9005&scope=read%3Auser%20repo%20public_repo
[info] 
[info] Waiting for authentication...
[debug] [2023-08-17T16:40:39.737Z] >>> [apiv2][query] POST https://github.com/login/oauth/access_token [none]
[debug] [2023-08-17T16:40:39.737Z] >>> [apiv2][body] POST https://github.com/login/oauth/access_token [stream]
[debug] [2023-08-17T16:40:40.406Z] <<< [apiv2][status] POST https://github.com/login/oauth/access_token 200
[debug] [2023-08-17T16:40:40.407Z] <<< [apiv2][body] POST https://github.com/login/oauth/access_token {"access_token":"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","token_type":"bearer","scope":"read:user,repo"}
[debug] [2023-08-17T16:40:40.433Z] >>> [apiv2][query] GET https://api.github.com/user [none]
[debug] [2023-08-17T16:40:41.348Z] <<< [apiv2][status] GET https://api.github.com/user 200
[debug] [2023-08-17T16:40:41.348Z] <<< [apiv2][body] GET https://api.github.com/user {"login":"sathish5263","id":105235373,"node_id":"U_kgDOBkXDrQ","avatar_url":"https://avatars.githubusercontent.com/u/105235373?v=4","gravatar_id":"","url":"https://api.github.com/users/sathish5263","html_url":"https://github.com/sathish5263","followers_url":"https://api.github.com/users/sathish5263/followers","following_url":"https://api.github.com/users/sathish5263/following{/other_user}","gists_url":"https://api.github.com/users/sathish5263/gists{/gist_id}","starred_url":"https://api.github.com/users/sathish5263/starred{/owner}{/repo}","subscriptions_url":"https://api.github.com/users/sathish5263/subscriptions","organizations_url":"https://api.github.com/users/sathish5263/orgs","repos_url":"https://api.github.com/users/sathish5263/repos","events_url":"https://api.github.com/users/sathish5263/events{/privacy}","received_events_url":"https://api.github.com/users/sathish5263/received_events","type":"User","site_admin":false,"name":null,"company":null,"blog":"","location":null,"email":null,"hireable":null,"bio":null,"twitter_username":null,"public_repos":6,"public_gists":0,"followers":0,"following":0,"created_at":"2022-05-09T17:14:24Z","updated_at":"2023-08-15T17:08:14Z","private_gists":0,"total_private_repos":0,"owned_private_repos":0,"disk_usage":51726,"collaborators":0,"two_factor_authentication":false,"plan":{"name":"free","space":976562499,"collaborators":0,"private_repos":10000}}
[info] 
[info] +  Success! Logged into GitHub as sathish5263 
[info] 
[debug] [2023-08-17T16:42:28.084Z] >>> [apiv2][query] GET https://api.github.com/repos/satis5263/Blog-Web-Application/actions/secrets/public-key type=owner
[debug] [2023-08-17T16:42:29.118Z] <<< [apiv2][status] GET https://api.github.com/repos/satis5263/Blog-Web-Application/actions/secrets/public-key 404
[debug] [2023-08-17T16:42:29.118Z] <<< [apiv2][body] GET https://api.github.com/repos/satis5263/Blog-Web-Application/actions/secrets/public-key {"message":"Not Found","documentation_url":"https://docs.github.com/rest/actions/secrets#get-a-repository-public-key"}
[info] 
[info] 
[error] !  The provided authorization cannot be used with this repository. If this repository is in an organization, did you remember to grant access? 
[info] 
[info] i  Action required: Visit this URL to ensure access has been granted to the appropriate organization(s) for the Firebase CLI GitHub OAuth App: 
[info] https://github.com/settings/connections/applications/89cf50f02ac6aaed3484
[info] 
[debug] [2023-08-17T16:42:37.237Z] >>> [apiv2][query] GET https://api.github.com/repos/satis5263/Blog-Web-Application/actions/secrets/public-key type=owner
[debug] [2023-08-17T16:42:37.821Z] <<< [apiv2][status] GET https://api.github.com/repos/satis5263/Blog-Web-Application/actions/secrets/public-key 404
[debug] [2023-08-17T16:42:37.822Z] <<< [apiv2][body] GET https://api.github.com/repos/satis5263/Blog-Web-Application/actions/secrets/public-key {"message":"Not Found","documentation_url":"https://docs.github.com/rest/actions/secrets#get-a-repository-public-key"}
[info] 
[info] 
[error] !  The provided authorization cannot be used with this repository. If this repository is in an organization, did you remember to grant access? 
[info] 
[info] i  Action required: Visit this URL to ensure access has been granted to the appropriate organization(s) for the Firebase CLI GitHub OAuth App: 
[info] https://github.com/settings/connections/applications/89cf50f02ac6aaed3484
[info] 
[debug] [2023-08-17T16:44:30.002Z] >>> [apiv2][query] GET https://api.github.com/repos/satis5263/Blog-Web-Application/actions/secrets/public-key type=owner
[debug] [2023-08-17T16:44:30.726Z] <<< [apiv2][status] GET https://api.github.com/repos/satis5263/Blog-Web-Application/actions/secrets/public-key 404
[debug] [2023-08-17T16:44:30.727Z] <<< [apiv2][body] GET https://api.github.com/repos/satis5263/Blog-Web-Application/actions/secrets/public-key {"message":"Not Found","documentation_url":"https://docs.github.com/rest/actions/secrets#get-a-repository-public-key"}
[info] 
[info] 
[error] !  The provided authorization cannot be used with this repository. If this repository is in an organization, did you remember to grant access? 
[info] 
[info] i  Action required: Visit this URL to ensure access has been granted to the appropriate organization(s) for the Firebase CLI GitHub OAuth App: 
[info] https://github.com/settings/connections/applications/89cf50f02ac6aaed3484
[info] 
[debug] [2023-08-17T16:45:25.337Z] ----------------------------------------------------------------------
[debug] [2023-08-17T16:45:25.341Z] Command:       C:\Program Files\nodejs\node.exe C:\Users\vsath\AppData\Roaming\npm\node_modules\firebase-tools\lib\bin\firebase.js init
[debug] [2023-08-17T16:45:25.342Z] CLI Version:   12.4.8
[debug] [2023-08-17T16:45:25.347Z] Platform:      win32
[debug] [2023-08-17T16:45:25.348Z] Node Version:  v18.16.0
[debug] [2023-08-17T16:45:25.349Z] Time:          Thu Aug 17 2023 22:15:25 GMT+0530 (India Standard Time)
[debug] [2023-08-17T16:45:25.350Z] ----------------------------------------------------------------------
[debug] 
[debug] [2023-08-17T16:45:25.537Z] > command requires scopes: ["email","openid","https://www.googleapis.com/auth/cloudplatformprojects.readonly","https://www.googleapis.com/auth/firebase","https://www.googleapis.com/auth/cloud-platform"]
[debug] [2023-08-17T16:45:25.538Z] > authorizing via signed-in user (satis5263@gmail.com)
[info] 
     ######## #### ########  ######## ########     ###     ######  ########
     ##        ##  ##     ## ##       ##     ##  ##   ##  ##       ##
     ######    ##  ########  ######   ########  #########  ######  ######
     ##        ##  ##    ##  ##       ##     ## ##     ##       ## ##
     ##       #### ##     ## ######## ########  ##     ##  ######  ########

You're about to initialize a Firebase project in this directory:

  C:\Users\vsath\OneDrive\Documents\react\blog-react

Before we get started, keep in mind:

  * You are initializing within an existing Firebase project directory

[info] 
=== Project Setup
[info] 
[info] First, let's associate this project directory with a Firebase project.
[info] You can create multiple project aliases by running firebase use --add, 
[info] but for now we'll just set up a default project.
[info] 
[debug] [2023-08-17T16:45:31.863Z] Using project from CLI flag: blog-website-2d2ea
[debug] [2023-08-17T16:45:31.878Z] >>> [apiv2][query] GET https://firebase.googleapis.com/v1beta1/projects/blog-website-2d2ea [none]
[debug] [2023-08-17T16:45:43.178Z] *** [apiv2] error from fetch(https://firebase.googleapis.com/v1beta1/projects/blog-website-2d2ea, {"headers":{},"method":"GET","signal":{}}): FetchError: request to https://firebase.googleapis.com/v1beta1/projects/blog-website-2d2ea failed, reason: getaddrinfo ENOTFOUND firebase.googleapis.com
[debug] [2023-08-17T16:45:43.179Z] Failed to make request to https://firebase.googleapis.com/v1beta1/projects/blog-website-2d2ea (original: request to https://firebase.googleapis.com/v1beta1/projects/blog-website-2d2ea failed, reason: getaddrinfo ENOTFOUND firebase.googleapis.com)
[debug] [2023-08-17T16:45:44.452Z] FirebaseError: Failed to make request to https://firebase.googleapis.com/v1beta1/projects/blog-website-2d2ea
    at RetryOperation._fn (C:\Users\vsath\AppData\Roaming\npm\node_modules\firebase-tools\lib\apiv2.js:239:31)
    at process.processTicksAndRejections (node:internal/process/task_queues:95:5)
[error] 
[error] Error: Failed to get Firebase project blog-website-2d2ea. Please make sure the project exists and your account has permission to access it.
